<?xml version="1.0" encoding="UTF-8"?>
<!-- Generated by org.testng.reporters.JUnitReportReporter -->
<testsuite hostname="Robot" failures="0" tests="4" name="testscript1.LoginTest1" time="15.238" errors="0" timestamp="2025-05-09T02:34:04 IST" skipped="0">
  <testcase classname="testscript1.LoginTest1" name="verifyUserIsAbleToLoginUsingInValidUsernameAndCorrectPassword" time="5.393"/>
  <system-out/>
  <testcase classname="testscript1.LoginTest1" name="verifyUserIsAbleToLoginUsingValidUsernameAndIncorrectPassword" time="3.172"/>
  <system-out/>
  <testcase classname="testscript1.LoginTest1" name="verifyUserIsAbleToLoginUsingInValidUsernameAndInCorrectPassword" time="3.568"/>
  <system-out/>
  <testcase classname="testscript1.LoginTest1" name="verifyUserIsAbleToLoginUsingValidUsernameAndPassword" time="3.105"/>
  <system-out/>
</testsuite> <!-- testscript1.LoginTest1 -->
