<?xml version="1.0" encoding="UTF-8"?>
<!-- Generated by org.testng.reporters.JUnitReportReporter -->
<testsuite hostname="Robot" failures="0" tests="1" name="testscript1.LoginTest1" time="8.141" errors="0" timestamp="2025-05-15T14:52:16 IST" skipped="0">
  <testcase classname="testscript1.LoginTest1" name="verifyUserIsAbleToLoginUsingValidUsernameAndPassword" time="8.141"/>
  <system-out/>
</testsuite> <!-- testscript1.LoginTest1 -->
