<?xml version="1.0" encoding="UTF-8"?>
<!-- Generated by org.testng.reporters.JUnitReportReporter -->
<testsuite hostname="Robot" failures="0" tests="3" name="testscript1.LogoutTest" time="30.568" errors="0" timestamp="2025-05-15T14:51:34 IST" skipped="0">
  <testcase classname="testscript1.LogoutTest" name="verifyIfUserIsAbleToLogout" time="14.712"/>
  <system-out/>
  <testcase classname="testscript1.LogoutTest" name="verifyIfUserIsAbleToLogout" time="10.563"/>
  <system-out/>
  <testcase classname="testscript1.LogoutTest" name="verifyIfUserIsAbleToLogout" time="5.293"/>
  <system-out/>
</testsuite> <!-- testscript1.LogoutTest -->
